#
# There is insufficient memory for the Java Runtime Environment to continue.
# Native memory allocation (malloc) failed to allocate 832976 bytes for Chunk::new
# Possible reasons:
#   The system is out of physical RAM or swap space
#   The process is running with CompressedOops enabled, and the Java Heap may be blocking the growth of the native heap
# Possible solutions:
#   Reduce memory load on the system
#   Increase physical memory or swap space
#   Check if swap backing store is full
#   Decrease Java heap size (-Xmx/-Xms)
#   Decrease number of Java threads
#   Decrease Java thread stack sizes (-Xss)
#   Set larger code cache with -XX:ReservedCodeCacheSize=
#   JVM is running with Unscaled Compressed Oops mode in which the Java heap is
#     placed in the first 4GB address space. The Java Heap base address is the
#     maximum limit for the native heap growth. Please use -XX:HeapBaseMinAddress
#     to set the Java Heap base and to place the Java Heap above 4GB virtual address.
# This output file may be truncated or incomplete.
#
#  Out of Memory Error (arena.cpp:189), pid=19336, tid=7660
#
# JRE version: Java(TM) SE Runtime Environment (17.0.10+11) (build 17.0.10+11-LTS-240)
# Java VM: Java HotSpot(TM) 64-Bit Server VM (17.0.10+11-LTS-240, mixed mode, sharing, tiered, compressed oops, compressed class ptrs, g1 gc, windows-amd64)
# No core dump will be written. Minidumps are not enabled by default on client versions of Windows
#

---------------  S U M M A R Y ------------

Command Line: -javaagent:C:\Program Files\JetBrains\IntelliJ IDEA Community Edition 2024.1\lib\idea_rt.jar=57804:C:\Program Files\JetBrains\IntelliJ IDEA Community Edition 2024.1\bin -Dfile.encoding=UTF-8 com.example.absensireact.AbsensiReactApplication

Host: Intel(R) Core(TM) i5-1035G7 CPU @ 1.20GHz, 8 cores, 7G,  Windows 11 , 64 bit Build 22621 (10.0.22621.3958)
Time: Thu Sep 12 15:06:11 2024 SE Asia Standard Time elapsed time: 6.378008 seconds (0d 0h 0m 6s)

---------------  T H R E A D  ---------------

Current thread (0x0000018525672df0):  JavaThread "C2 CompilerThread0" daemon [_thread_in_native, id=7660, stack(0x000000606da00000,0x000000606db00000)]


Current CompileTask:
C2:   6378 3113       4       org.springframework.beans.factory.support.AbstractBeanFactory::isTypeMatch (607 bytes)

Stack: [0x000000606da00000,0x000000606db00000]
Native frames: (J=compiled Java code, j=interpreted, Vv=VM code, C=native code)
V  [jvm.dll+0x677a5a]
V  [jvm.dll+0x7d8b2d]
V  [jvm.dll+0x7da48e]
V  [jvm.dll+0x7daaf3]
V  [jvm.dll+0x2455ff]
V  [jvm.dll+0xaaafb]
V  [jvm.dll+0xab09c]
V  [jvm.dll+0x361b5f]
V  [jvm.dll+0x32c211]
V  [jvm.dll+0x32b6aa]
V  [jvm.dll+0x21794f]
V  [jvm.dll+0x216d81]
V  [jvm.dll+0x1a3410]
V  [jvm.dll+0x226aeb]
V  [jvm.dll+0x224cab]
V  [jvm.dll+0x78e45c]
V  [jvm.dll+0x78888a]
V  [jvm.dll+0x676935]
C  [ucrtbase.dll+0x29333]
C  [KERNEL32.DLL+0x1257d]
C  [ntdll.dll+0x5af28]


---------------  P R O C E S S  ---------------

Threads class SMR info:
_java_thread_list=0x000001856c510d50, length=13, elements={
0x0000018507692be0, 0x0000018525657490, 0x0000018525658050, 0x000001852566dcf0,
0x000001852566e8b0, 0x0000018525671280, 0x0000018525672050, 0x0000018525672df0,
0x00000185256738a0, 0x0000018525674ab0, 0x000001852587a310, 0x000001856b6c8a20,
0x0000018525bb5fc0
}

Java Threads: ( => current thread )
  0x0000018507692be0 JavaThread "main" [_thread_in_native, id=19912, stack(0x000000606cd00000,0x000000606ce00000)]
  0x0000018525657490 JavaThread "Reference Handler" daemon [_thread_blocked, id=12900, stack(0x000000606d400000,0x000000606d500000)]
  0x0000018525658050 JavaThread "Finalizer" daemon [_thread_blocked, id=16052, stack(0x000000606d500000,0x000000606d600000)]
  0x000001852566dcf0 JavaThread "Signal Dispatcher" daemon [_thread_blocked, id=13156, stack(0x000000606d600000,0x000000606d700000)]
  0x000001852566e8b0 JavaThread "Attach Listener" daemon [_thread_blocked, id=3288, stack(0x000000606d700000,0x000000606d800000)]
  0x0000018525671280 JavaThread "Service Thread" daemon [_thread_blocked, id=12100, stack(0x000000606d800000,0x000000606d900000)]
  0x0000018525672050 JavaThread "Monitor Deflation Thread" daemon [_thread_blocked, id=5692, stack(0x000000606d900000,0x000000606da00000)]
=>0x0000018525672df0 JavaThread "C2 CompilerThread0" daemon [_thread_in_native, id=7660, stack(0x000000606da00000,0x000000606db00000)]
  0x00000185256738a0 JavaThread "C1 CompilerThread0" daemon [_thread_blocked, id=17032, stack(0x000000606db00000,0x000000606dc00000)]
  0x0000018525674ab0 JavaThread "Sweeper thread" daemon [_thread_blocked, id=14368, stack(0x000000606dc00000,0x000000606dd00000)]
  0x000001852587a310 JavaThread "Common-Cleaner" daemon [_thread_blocked, id=8924, stack(0x000000606dd00000,0x000000606de00000)]
  0x000001856b6c8a20 JavaThread "Monitor Ctrl-Break" daemon [_thread_in_native, id=8256, stack(0x000000606de00000,0x000000606df00000)]
  0x0000018525bb5fc0 JavaThread "Notification Thread" daemon [_thread_blocked, id=17976, stack(0x000000606df00000,0x000000606e000000)]

Other Threads:
  0x00000185256535f0 VMThread "VM Thread" [stack: 0x000000606d300000,0x000000606d400000] [id=11320]
  0x000001856b5e9150 WatcherThread [stack: 0x000000606e000000,0x000000606e100000] [id=18244]
  0x00000185076edf90 GCTaskThread "GC Thread#0" [stack: 0x000000606ce00000,0x000000606cf00000] [id=19044]
  0x000001856bb139b0 GCTaskThread "GC Thread#1" [stack: 0x000000606e100000,0x000000606e200000] [id=4724]
  0x000001856bd92920 GCTaskThread "GC Thread#2" [stack: 0x000000606e200000,0x000000606e300000] [id=17896]
  0x000001856bb57b70 GCTaskThread "GC Thread#3" [stack: 0x000000606e300000,0x000000606e400000] [id=12856]
  0x000001856bc6d1d0 GCTaskThread "GC Thread#4" [stack: 0x000000606e400000,0x000000606e500000] [id=4720]
  0x000001856bc6d490 GCTaskThread "GC Thread#5" [stack: 0x000000606e500000,0x000000606e600000] [id=18568]
  0x000001856bc6d750 GCTaskThread "GC Thread#6" [stack: 0x000000606e600000,0x000000606e700000] [id=6272]
  0x000001856bc6fa20 GCTaskThread "GC Thread#7" [stack: 0x000000606e700000,0x000000606e800000] [id=19404]
  0x00000185076fe760 ConcurrentGCThread "G1 Main Marker" [stack: 0x000000606cf00000,0x000000606d000000] [id=5612]
  0x0000018507700180 ConcurrentGCThread "G1 Conc#0" [stack: 0x000000606d000000,0x000000606d100000] [id=10792]
  0x000001850773e8e0 ConcurrentGCThread "G1 Refine#0" [stack: 0x000000606d100000,0x000000606d200000] [id=19496]
  0x000001856b8f7af0 ConcurrentGCThread "G1 Refine#1" [stack: 0x000000606e800000,0x000000606e900000] [id=17036]
  0x0000018525511470 ConcurrentGCThread "G1 Service" [stack: 0x000000606d200000,0x000000606d300000] [id=16344]

Threads with active compile tasks:
C2 CompilerThread0     6494 3113       4       org.springframework.beans.factory.support.AbstractBeanFactory::isTypeMatch (607 bytes)

VM state: not at safepoint (normal execution)

VM Mutex/Monitor currently owned by a thread: None

Heap address: 0x0000000083c00000, size: 1988 MB, Compressed Oops mode: 32-bit

CDS archive(s) mapped at: [0x0000018526000000-0x0000018526bd0000-0x0000018526bd0000), size 12386304, SharedBaseAddress: 0x0000018526000000, ArchiveRelocationMode: 1.
Compressed class space mapped at: 0x0000018527000000-0x0000018567000000, reserved size: 1073741824
Narrow klass base: 0x0000018526000000, Narrow klass shift: 0, Narrow klass range: 0x100000000

GC Precious Log:
 CPUs: 8 total, 8 available
 Memory: 7946M
 Large Page Support: Disabled
 NUMA Support: Disabled
 Compressed Oops: Enabled (32-bit)
 Heap Region Size: 1M
 Heap Min Capacity: 8M
 Heap Initial Capacity: 126M
 Heap Max Capacity: 1988M
 Pre-touch: Disabled
 Parallel Workers: 8
 Concurrent Workers: 2
 Concurrent Refinement Workers: 8
 Periodic GC: Disabled

Heap:
 garbage-first heap   total 129024K, used 71839K [0x0000000083c00000, 0x0000000100000000)
  region size 1024K, 59 young (60416K), 4 survivors (4096K)
 Metaspace       used 20771K, committed 20928K, reserved 1114112K
  class space    used 2492K, committed 2560K, reserved 1048576K

Heap Regions: E=young(eden), S=young(survivor), O=old, HS=humongous(starts), HC=humongous(continues), CS=collection set, F=free, OA=open archive, CA=closed archive, TAMS=top-at-mark-start (previous, next)
|   0|0x0000000083c00000, 0x0000000083d00000, 0x0000000083d00000|100%|HS|  |TAMS 0x0000000083c00000, 0x0000000083c00000| Complete 
|   1|0x0000000083d00000, 0x0000000083e00000, 0x0000000083e00000|100%| O|  |TAMS 0x0000000083d00000, 0x0000000083d00000| Untracked 
|   2|0x0000000083e00000, 0x0000000083f00000, 0x0000000083f00000|100%| O|  |TAMS 0x0000000083e00000, 0x0000000083e00000| Untracked 
|   3|0x0000000083f00000, 0x0000000084000000, 0x0000000084000000|100%| O|  |TAMS 0x0000000083f00000, 0x0000000083f00000| Untracked 
|   4|0x0000000084000000, 0x0000000084100000, 0x0000000084100000|100%| O|  |TAMS 0x0000000084000000, 0x0000000084000000| Untracked 
|   5|0x0000000084100000, 0x0000000084200000, 0x0000000084200000|100%| O|  |TAMS 0x0000000084100000, 0x0000000084100000| Untracked 
|   6|0x0000000084200000, 0x0000000084300000, 0x0000000084300000|100%| O|  |TAMS 0x0000000084200000, 0x0000000084200000| Untracked 
|   7|0x0000000084300000, 0x0000000084400000, 0x0000000084400000|100%| O|  |TAMS 0x0000000084300000, 0x0000000084300000| Untracked 
|   8|0x0000000084400000, 0x0000000084500000, 0x0000000084500000|100%| O|  |TAMS 0x0000000084400000, 0x0000000084400000| Untracked 
|   9|0x0000000084500000, 0x0000000084600000, 0x0000000084600000|100%| O|  |TAMS 0x0000000084500000, 0x0000000084500000| Untracked 
|  10|0x0000000084600000, 0x0000000084700000, 0x0000000084700000|100%| O|  |TAMS 0x0000000084600000, 0x0000000084600000| Untracked 
|  11|0x0000000084700000, 0x0000000084800000, 0x0000000084800000|100%| O|  |TAMS 0x0000000084700000, 0x0000000084700000| Untracked 
|  12|0x0000000084800000, 0x00000000848b7a00, 0x0000000084900000| 71%| O|  |TAMS 0x0000000084800000, 0x0000000084800000| Untracked 
|  13|0x0000000084900000, 0x0000000084900000, 0x0000000084a00000|  0%| F|  |TAMS 0x0000000084900000, 0x0000000084900000| Untracked 
|  14|0x0000000084a00000, 0x0000000084a00000, 0x0000000084b00000|  0%| F|  |TAMS 0x0000000084a00000, 0x0000000084a00000| Untracked 
|  15|0x0000000084b00000, 0x0000000084b00000, 0x0000000084c00000|  0%| F|  |TAMS 0x0000000084b00000, 0x0000000084b00000| Untracked 
|  16|0x0000000084c00000, 0x0000000084c00000, 0x0000000084d00000|  0%| F|  |TAMS 0x0000000084c00000, 0x0000000084c00000| Untracked 
|  17|0x0000000084d00000, 0x0000000084d00000, 0x0000000084e00000|  0%| F|  |TAMS 0x0000000084d00000, 0x0000000084d00000| Untracked 
|  18|0x0000000084e00000, 0x0000000084e00000, 0x0000000084f00000|  0%| F|  |TAMS 0x0000000084e00000, 0x0000000084e00000| Untracked 
|  19|0x0000000084f00000, 0x0000000084f00000, 0x0000000085000000|  0%| F|  |TAMS 0x0000000084f00000, 0x0000000084f00000| Untracked 
|  20|0x0000000085000000, 0x0000000085000000, 0x0000000085100000|  0%| F|  |TAMS 0x0000000085000000, 0x0000000085000000| Untracked 
|  21|0x0000000085100000, 0x0000000085100000, 0x0000000085200000|  0%| F|  |TAMS 0x0000000085100000, 0x0000000085100000| Untracked 
|  22|0x0000000085200000, 0x0000000085200000, 0x0000000085300000|  0%| F|  |TAMS 0x0000000085200000, 0x0000000085200000| Untracked 
|  23|0x0000000085300000, 0x0000000085300000, 0x0000000085400000|  0%| F|  |TAMS 0x0000000085300000, 0x0000000085300000| Untracked 
|  24|0x0000000085400000, 0x0000000085400000, 0x0000000085500000|  0%| F|  |TAMS 0x0000000085400000, 0x0000000085400000| Untracked 
|  25|0x0000000085500000, 0x0000000085500000, 0x0000000085600000|  0%| F|  |TAMS 0x0000000085500000, 0x0000000085500000| Untracked 
|  26|0x0000000085600000, 0x0000000085600000, 0x0000000085700000|  0%| F|  |TAMS 0x0000000085600000, 0x0000000085600000| Untracked 
|  27|0x0000000085700000, 0x0000000085700000, 0x0000000085800000|  0%| F|  |TAMS 0x0000000085700000, 0x0000000085700000| Untracked 
|  28|0x0000000085800000, 0x0000000085800000, 0x0000000085900000|  0%| F|  |TAMS 0x0000000085800000, 0x0000000085800000| Untracked 
|  29|0x0000000085900000, 0x0000000085900000, 0x0000000085a00000|  0%| F|  |TAMS 0x0000000085900000, 0x0000000085900000| Untracked 
|  30|0x0000000085a00000, 0x0000000085a00000, 0x0000000085b00000|  0%| F|  |TAMS 0x0000000085a00000, 0x0000000085a00000| Untracked 
|  31|0x0000000085b00000, 0x0000000085b00000, 0x0000000085c00000|  0%| F|  |TAMS 0x0000000085b00000, 0x0000000085b00000| Untracked 
|  32|0x0000000085c00000, 0x0000000085c00000, 0x0000000085d00000|  0%| F|  |TAMS 0x0000000085c00000, 0x0000000085c00000| Untracked 
|  33|0x0000000085d00000, 0x0000000085d00000, 0x0000000085e00000|  0%| F|  |TAMS 0x0000000085d00000, 0x0000000085d00000| Untracked 
|  34|0x0000000085e00000, 0x0000000085e00000, 0x0000000085f00000|  0%| F|  |TAMS 0x0000000085e00000, 0x0000000085e00000| Untracked 
|  35|0x0000000085f00000, 0x0000000085f00000, 0x0000000086000000|  0%| F|  |TAMS 0x0000000085f00000, 0x0000000085f00000| Untracked 
|  36|0x0000000086000000, 0x0000000086000000, 0x0000000086100000|  0%| F|  |TAMS 0x0000000086000000, 0x0000000086000000| Untracked 
|  37|0x0000000086100000, 0x0000000086100000, 0x0000000086200000|  0%| F|  |TAMS 0x0000000086100000, 0x0000000086100000| Untracked 
|  38|0x0000000086200000, 0x0000000086200000, 0x0000000086300000|  0%| F|  |TAMS 0x0000000086200000, 0x0000000086200000| Untracked 
|  39|0x0000000086300000, 0x0000000086300000, 0x0000000086400000|  0%| F|  |TAMS 0x0000000086300000, 0x0000000086300000| Untracked 
|  40|0x0000000086400000, 0x0000000086400000, 0x0000000086500000|  0%| F|  |TAMS 0x0000000086400000, 0x0000000086400000| Untracked 
|  41|0x0000000086500000, 0x0000000086500000, 0x0000000086600000|  0%| F|  |TAMS 0x0000000086500000, 0x0000000086500000| Untracked 
|  42|0x0000000086600000, 0x0000000086600000, 0x0000000086700000|  0%| F|  |TAMS 0x0000000086600000, 0x0000000086600000| Untracked 
|  43|0x0000000086700000, 0x0000000086700000, 0x0000000086800000|  0%| F|  |TAMS 0x0000000086700000, 0x0000000086700000| Untracked 
|  44|0x0000000086800000, 0x0000000086800000, 0x0000000086900000|  0%| F|  |TAMS 0x0000000086800000, 0x0000000086800000| Untracked 
|  45|0x0000000086900000, 0x0000000086900000, 0x0000000086a00000|  0%| F|  |TAMS 0x0000000086900000, 0x0000000086900000| Untracked 
|  46|0x0000000086a00000, 0x0000000086a00000, 0x0000000086b00000|  0%| F|  |TAMS 0x0000000086a00000, 0x0000000086a00000| Untracked 
|  47|0x0000000086b00000, 0x0000000086b00000, 0x0000000086c00000|  0%| F|  |TAMS 0x0000000086b00000, 0x0000000086b00000| Untracked 
|  48|0x0000000086c00000, 0x0000000086c00000, 0x0000000086d00000|  0%| F|  |TAMS 0x0000000086c00000, 0x0000000086c00000| Untracked 
|  49|0x0000000086d00000, 0x0000000086d00000, 0x0000000086e00000|  0%| F|  |TAMS 0x0000000086d00000, 0x0000000086d00000| Untracked 
|  50|0x0000000086e00000, 0x0000000086e00000, 0x0000000086f00000|  0%| F|  |TAMS 0x0000000086e00000, 0x0000000086e00000| Untracked 
|  51|0x0000000086f00000, 0x0000000086f00000, 0x0000000087000000|  0%| F|  |TAMS 0x0000000086f00000, 0x0000000086f00000| Untracked 
|  52|0x0000000087000000, 0x0000000087000000, 0x0000000087100000|  0%| F|  |TAMS 0x0000000087000000, 0x0000000087000000| Untracked 
|  53|0x0000000087100000, 0x0000000087100000, 0x0000000087200000|  0%| F|  |TAMS 0x0000000087100000, 0x0000000087100000| Untracked 
|  54|0x0000000087200000, 0x0000000087200000, 0x0000000087300000|  0%| F|  |TAMS 0x0000000087200000, 0x0000000087200000| Untracked 
|  55|0x0000000087300000, 0x0000000087300000, 0x0000000087400000|  0%| F|  |TAMS 0x0000000087300000, 0x0000000087300000| Untracked 
|  56|0x0000000087400000, 0x0000000087400000, 0x0000000087500000|  0%| F|  |TAMS 0x0000000087400000, 0x0000000087400000| Untracked 
|  57|0x0000000087500000, 0x0000000087500000, 0x0000000087600000|  0%| F|  |TAMS 0x0000000087500000, 0x0000000087500000| Untracked 
|  58|0x0000000087600000, 0x0000000087600000, 0x0000000087700000|  0%| F|  |TAMS 0x0000000087600000, 0x0000000087600000| Untracked 
|  59|0x0000000087700000, 0x0000000087700000, 0x0000000087800000|  0%| F|  |TAMS 0x0000000087700000, 0x0000000087700000| Untracked 
|  60|0x0000000087800000, 0x0000000087800000, 0x0000000087900000|  0%| F|  |TAMS 0x0000000087800000, 0x0000000087800000| Untracked 
|  61|0x0000000087900000, 0x0000000087900000, 0x0000000087a00000|  0%| F|  |TAMS 0x0000000087900000, 0x0000000087900000| Untracked 
|  62|0x0000000087a00000, 0x0000000087a00000, 0x0000000087b00000|  0%| F|  |TAMS 0x0000000087a00000, 0x0000000087a00000| Untracked 
|  63|0x0000000087b00000, 0x0000000087b00000, 0x0000000087c00000|  0%| F|  |TAMS 0x0000000087b00000, 0x0000000087b00000| Untracked 
|  64|0x0000000087c00000, 0x0000000087c00000, 0x0000000087d00000|  0%| F|  |TAMS 0x0000000087c00000, 0x0000000087c00000| Untracked 
|  65|0x0000000087d00000, 0x0000000087d00000, 0x0000000087e00000|  0%| F|  |TAMS 0x0000000087d00000, 0x0000000087d00000| Untracked 
|  66|0x0000000087e00000, 0x0000000087e00000, 0x0000000087f00000|  0%| F|  |TAMS 0x0000000087e00000, 0x0000000087e00000| Untracked 
|  67|0x0000000087f00000, 0x0000000088000000, 0x0000000088000000|100%| E|  |TAMS 0x0000000087f00000, 0x0000000087f00000| Complete 
|  68|0x0000000088000000, 0x0000000088100000, 0x0000000088100000|100%| E|CS|TAMS 0x0000000088000000, 0x0000000088000000| Complete 
|  69|0x0000000088100000, 0x0000000088200000, 0x0000000088200000|100%| E|CS|TAMS 0x0000000088100000, 0x0000000088100000| Complete 
|  70|0x0000000088200000, 0x0000000088300000, 0x0000000088300000|100%| E|CS|TAMS 0x0000000088200000, 0x0000000088200000| Complete 
|  71|0x0000000088300000, 0x0000000088400000, 0x0000000088400000|100%| E|CS|TAMS 0x0000000088300000, 0x0000000088300000| Complete 
|  72|0x0000000088400000, 0x0000000088500000, 0x0000000088500000|100%| E|CS|TAMS 0x0000000088400000, 0x0000000088400000| Complete 
|  73|0x0000000088500000, 0x0000000088600000, 0x0000000088600000|100%| E|CS|TAMS 0x0000000088500000, 0x0000000088500000| Complete 
|  74|0x0000000088600000, 0x0000000088700000, 0x0000000088700000|100%| E|CS|TAMS 0x0000000088600000, 0x0000000088600000| Complete 
|  75|0x0000000088700000, 0x0000000088800000, 0x0000000088800000|100%| E|CS|TAMS 0x0000000088700000, 0x0000000088700000| Complete 
|  76|0x0000000088800000, 0x0000000088900000, 0x0000000088900000|100%| E|CS|TAMS 0x0000000088800000, 0x0000000088800000| Complete 
|  77|0x0000000088900000, 0x0000000088a00000, 0x0000000088a00000|100%| E|CS|TAMS 0x0000000088900000, 0x0000000088900000| Complete 
|  78|0x0000000088a00000, 0x0000000088a70468, 0x0000000088b00000| 43%| S|CS|TAMS 0x0000000088a00000, 0x0000000088a00000| Complete 
|  79|0x0000000088b00000, 0x0000000088c00000, 0x0000000088c00000|100%| S|CS|TAMS 0x0000000088b00000, 0x0000000088b00000| Complete 
|  80|0x0000000088c00000, 0x0000000088d00000, 0x0000000088d00000|100%| S|CS|TAMS 0x0000000088c00000, 0x0000000088c00000| Complete 
|  81|0x0000000088d00000, 0x0000000088e00000, 0x0000000088e00000|100%| S|CS|TAMS 0x0000000088d00000, 0x0000000088d00000| Complete 
|  82|0x0000000088e00000, 0x0000000088f00000, 0x0000000088f00000|100%| E|CS|TAMS 0x0000000088e00000, 0x0000000088e00000| Complete 
|  83|0x0000000088f00000, 0x0000000089000000, 0x0000000089000000|100%| E|CS|TAMS 0x0000000088f00000, 0x0000000088f00000| Complete 
|  84|0x0000000089000000, 0x0000000089100000, 0x0000000089100000|100%| E|CS|TAMS 0x0000000089000000, 0x0000000089000000| Complete 
|  85|0x0000000089100000, 0x0000000089200000, 0x0000000089200000|100%| E|CS|TAMS 0x0000000089100000, 0x0000000089100000| Complete 
|  86|0x0000000089200000, 0x0000000089300000, 0x0000000089300000|100%| E|CS|TAMS 0x0000000089200000, 0x0000000089200000| Complete 
|  87|0x0000000089300000, 0x0000000089400000, 0x0000000089400000|100%| E|CS|TAMS 0x0000000089300000, 0x0000000089300000| Complete 
|  88|0x0000000089400000, 0x0000000089500000, 0x0000000089500000|100%| E|CS|TAMS 0x0000000089400000, 0x0000000089400000| Complete 
|  89|0x0000000089500000, 0x0000000089600000, 0x0000000089600000|100%| E|CS|TAMS 0x0000000089500000, 0x0000000089500000| Complete 
|  90|0x0000000089600000, 0x0000000089700000, 0x0000000089700000|100%| E|CS|TAMS 0x0000000089600000, 0x0000000089600000| Complete 
|  91|0x0000000089700000, 0x0000000089800000, 0x0000000089800000|100%| E|CS|TAMS 0x0000000089700000, 0x0000000089700000| Complete 
|  92|0x0000000089800000, 0x0000000089900000, 0x0000000089900000|100%| E|CS|TAMS 0x0000000089800000, 0x0000000089800000| Complete 
|  93|0x0000000089900000, 0x0000000089a00000, 0x0000000089a00000|100%| E|CS|TAMS 0x0000000089900000, 0x0000000089900000| Complete 
|  94|0x0000000089a00000, 0x0000000089b00000, 0x0000000089b00000|100%| E|CS|TAMS 0x0000000089a00000, 0x0000000089a00000| Complete 
|  95|0x0000000089b00000, 0x0000000089c00000, 0x0000000089c00000|100%| E|CS|TAMS 0x0000000089b00000, 0x0000000089b00000| Complete 
|  96|0x0000000089c00000, 0x0000000089d00000, 0x0000000089d00000|100%| E|CS|TAMS 0x0000000089c00000, 0x0000000089c00000| Complete 
|  97|0x0000000089d00000, 0x0000000089e00000, 0x0000000089e00000|100%| E|CS|TAMS 0x0000000089d00000, 0x0000000089d00000| Complete 
|  98|0x0000000089e00000, 0x0000000089f00000, 0x0000000089f00000|100%| E|CS|TAMS 0x0000000089e00000, 0x0000000089e00000| Complete 
|  99|0x0000000089f00000, 0x000000008a000000, 0x000000008a000000|100%| E|CS|TAMS 0x0000000089f00000, 0x0000000089f00000| Complete 
| 100|0x000000008a000000, 0x000000008a100000, 0x000000008a100000|100%| E|CS|TAMS 0x000000008a000000, 0x000000008a000000| Complete 
| 101|0x000000008a100000, 0x000000008a200000, 0x000000008a200000|100%| E|CS|TAMS 0x000000008a100000, 0x000000008a100000| Complete 
| 102|0x000000008a200000, 0x000000008a300000, 0x000000008a300000|100%| E|CS|TAMS 0x000000008a200000, 0x000000008a200000| Complete 
| 103|0x000000008a300000, 0x000000008a400000, 0x000000008a400000|100%| E|CS|TAMS 0x000000008a300000, 0x000000008a300000| Complete 
| 104|0x000000008a400000, 0x000000008a500000, 0x000000008a500000|100%| E|CS|TAMS 0x000000008a400000, 0x000000008a400000| Complete 
| 105|0x000000008a500000, 0x000000008a600000, 0x000000008a600000|100%| E|CS|TAMS 0x000000008a500000, 0x000000008a500000| Complete 
| 106|0x000000008a600000, 0x000000008a700000, 0x000000008a700000|100%| E|CS|TAMS 0x000000008a600000, 0x000000008a600000| Complete 
| 107|0x000000008a700000, 0x000000008a800000, 0x000000008a800000|100%| E|CS|TAMS 0x000000008a700000, 0x000000008a700000| Complete 
| 108|0x000000008a800000, 0x000000008a900000, 0x000000008a900000|100%| E|CS|TAMS 0x000000008a800000, 0x000000008a800000| Complete 
| 109|0x000000008a900000, 0x000000008aa00000, 0x000000008aa00000|100%| E|CS|TAMS 0x000000008a900000, 0x000000008a900000| Complete 
| 110|0x000000008aa00000, 0x000000008ab00000, 0x000000008ab00000|100%| E|CS|TAMS 0x000000008aa00000, 0x000000008aa00000| Complete 
| 111|0x000000008ab00000, 0x000000008ac00000, 0x000000008ac00000|100%| E|CS|TAMS 0x000000008ab00000, 0x000000008ab00000| Complete 
| 112|0x000000008ac00000, 0x000000008ad00000, 0x000000008ad00000|100%| E|CS|TAMS 0x000000008ac00000, 0x000000008ac00000| Complete 
| 113|0x000000008ad00000, 0x000000008ae00000, 0x000000008ae00000|100%| E|CS|TAMS 0x000000008ad00000, 0x000000008ad00000| Complete 
| 114|0x000000008ae00000, 0x000000008af00000, 0x000000008af00000|100%| E|CS|TAMS 0x000000008ae00000, 0x000000008ae00000| Complete 
| 115|0x000000008af00000, 0x000000008b000000, 0x000000008b000000|100%| E|CS|TAMS 0x000000008af00000, 0x000000008af00000| Complete 
| 116|0x000000008b000000, 0x000000008b100000, 0x000000008b100000|100%| E|CS|TAMS 0x000000008b000000, 0x000000008b000000| Complete 
| 117|0x000000008b100000, 0x000000008b200000, 0x000000008b200000|100%| E|CS|TAMS 0x000000008b100000, 0x000000008b100000| Complete 
| 118|0x000000008b200000, 0x000000008b300000, 0x000000008b300000|100%| E|CS|TAMS 0x000000008b200000, 0x000000008b200000| Complete 
| 119|0x000000008b300000, 0x000000008b400000, 0x000000008b400000|100%| E|CS|TAMS 0x000000008b300000, 0x000000008b300000| Complete 
| 120|0x000000008b400000, 0x000000008b500000, 0x000000008b500000|100%| E|CS|TAMS 0x000000008b400000, 0x000000008b400000| Complete 
| 121|0x000000008b500000, 0x000000008b600000, 0x000000008b600000|100%| E|CS|TAMS 0x000000008b500000, 0x000000008b500000| Complete 
| 122|0x000000008b600000, 0x000000008b700000, 0x000000008b700000|100%| E|CS|TAMS 0x000000008b600000, 0x000000008b600000| Complete 
| 123|0x000000008b700000, 0x000000008b800000, 0x000000008b800000|100%| E|CS|TAMS 0x000000008b700000, 0x000000008b700000| Complete 
| 124|0x000000008b800000, 0x000000008b900000, 0x000000008b900000|100%| E|CS|TAMS 0x000000008b800000, 0x000000008b800000| Complete 
| 125|0x000000008b900000, 0x000000008ba00000, 0x000000008ba00000|100%| E|CS|TAMS 0x000000008b900000, 0x000000008b900000| Complete 

Card table byte_map: [0x000001851e640000,0x000001851ea30000] _byte_map_base: 0x000001851e222000

Marking Bits (Prev, Next): (CMBitMap*) 0x00000185076ee5b0, (CMBitMap*) 0x00000185076ee5f0
 Prev Bits: [0x000001851ee20000, 0x0000018520d30000)
 Next Bits: [0x0000018520d30000, 0x0000018522c40000)

Polling page: 0x00000185055f0000

Metaspace:

Usage:
  Non-class:     17.86 MB used.
      Class:      2.44 MB used.
       Both:     20.30 MB used.

Virtual space:
  Non-class space:       64.00 MB reserved,      17.94 MB ( 28%) committed,  1 nodes.
      Class space:        1.00 GB reserved,       2.50 MB ( <1%) committed,  1 nodes.
             Both:        1.06 GB reserved,      20.44 MB (  2%) committed. 

Chunk freelists:
   Non-Class:  13.56 MB
       Class:  13.44 MB
        Both:  27.01 MB

MaxMetaspaceSize: unlimited
CompressedClassSpaceSize: 1.00 GB
Initial GC threshold: 21.00 MB
Current GC threshold: 21.00 MB
CDS: on
MetaspaceReclaimPolicy: balanced
 - commit_granule_bytes: 65536.
 - commit_granule_words: 8192.
 - virtual_space_node_default_size: 8388608.
 - enlarge_chunks_in_place: 1.
 - new_chunks_are_fully_committed: 0.
 - uncommit_free_chunks: 1.
 - use_allocation_guard: 0.
 - handle_deallocations: 1.


Internal statistics:

num_allocs_failed_limit: 0.
num_arena_births: 176.
num_arena_deaths: 0.
num_vsnodes_births: 2.
num_vsnodes_deaths: 0.
num_space_committed: 327.
num_space_uncommitted: 0.
num_chunks_returned_to_freelist: 0.
num_chunks_taken_from_freelist: 870.
num_chunk_merges: 0.
num_chunk_splits: 614.
num_chunks_enlarged: 505.
num_inconsistent_stats: 0.

CodeHeap 'non-profiled nmethods': size=120000Kb used=1363Kb max_used=1363Kb free=118636Kb
 bounds [0x00000185169f0000, 0x0000018516c60000, 0x000001851df20000]
CodeHeap 'profiled nmethods': size=120000Kb used=6810Kb max_used=6810Kb free=113189Kb
 bounds [0x000001850ef20000, 0x000001850f5d0000, 0x0000018516450000]
CodeHeap 'non-nmethods': size=5760Kb used=1192Kb max_used=1240Kb free=4567Kb
 bounds [0x0000018516450000, 0x00000185166c0000, 0x00000185169f0000]
 total_blobs=3633 nmethods=3161 adapters=383
 compilation: enabled
              stopped_count=0, restarted_count=0
 full_count=0

Compilation events (20 events):
Event: 6.331 Thread 0x00000185256738a0 3132       3       java.util.Map::getOrDefault (28 bytes)
Event: 6.332 Thread 0x00000185256738a0 nmethod 3132 0x000001850f58c190 code [0x000001850f58c340, 0x000001850f58c6b8]
Event: 6.337 Thread 0x00000185256738a0 3135       3       org.springframework.boot.context.properties.source.SpringIterableConfigurationPropertySource$Mappings::updateMappings (261 bytes)
Event: 6.338 Thread 0x00000185256738a0 nmethod 3135 0x000001850f58c790 code [0x000001850f58cba0, 0x000001850f58ec28]
Event: 6.338 Thread 0x00000185256738a0 3133   !   3       org.springframework.boot.context.properties.source.SpringIterableConfigurationPropertySource$Mappings::updateMappings (46 bytes)
Event: 6.338 Thread 0x00000185256738a0 nmethod 3133 0x000001850f58f790 code [0x000001850f58f960, 0x000001850f58fe18]
Event: 6.338 Thread 0x00000185256738a0 3134       3       org.springframework.boot.context.properties.source.SpringIterableConfigurationPropertySource$$Lambda$99/0x00000185270a1d10::get (8 bytes)
Event: 6.339 Thread 0x00000185256738a0 nmethod 3134 0x000001850f590010 code [0x000001850f5901c0, 0x000001850f590388]
Event: 6.339 Thread 0x00000185256738a0 3136       3       org.springframework.boot.autoconfigure.condition.ConditionMessage$ItemsBuilder::items (137 bytes)
Event: 6.339 Thread 0x00000185256738a0 nmethod 3136 0x000001850f590490 code [0x000001850f5907c0, 0x000001850f5919a8]
Event: 6.346 Thread 0x00000185256738a0 3137       3       java.lang.System$2::join (11 bytes)
Event: 6.348 Thread 0x00000185256738a0 nmethod 3137 0x000001850f591f90 code [0x000001850f5922e0, 0x000001850f593808]
Event: 6.348 Thread 0x00000185256738a0 3138       3       jdk.internal.org.objectweb.asm.Frame::getLocal (46 bytes)
Event: 6.349 Thread 0x00000185256738a0 nmethod 3138 0x000001850f594290 code [0x000001850f594440, 0x000001850f594678]
Event: 6.349 Thread 0x00000185256738a0 3139       3       jdk.internal.org.objectweb.asm.ClassWriter::toByteArray (1515 bytes)
Event: 6.360 Thread 0x00000185256738a0 nmethod 3139 0x000001850f594790 code [0x000001850f5950a0, 0x000001850f598d38]
Event: 6.360 Thread 0x00000185256738a0 3140       3       java.util.ArrayList::elementAt (4 bytes)
Event: 6.360 Thread 0x00000185256738a0 nmethod 3140 0x000001850f59ad10 code [0x000001850f59aea0, 0x000001850f59afb8]
Event: 6.361 Thread 0x00000185256738a0 3141       3       java.lang.invoke.Invokers::callSiteForm (308 bytes)
Event: 6.362 Thread 0x00000185256738a0 nmethod 3141 0x000001850f59b090 code [0x000001850f59b3c0, 0x000001850f59ca88]

GC Heap History (6 events):
Event: 1.926 GC heap before
{Heap before GC invocations=0 (full 0):
 garbage-first heap   total 129024K, used 23552K [0x0000000083c00000, 0x0000000100000000)
  region size 1024K, 23 young (23552K), 0 survivors (0K)
 Metaspace       used 3658K, committed 3840K, reserved 1114112K
  class space    used 357K, committed 448K, reserved 1048576K
}
Event: 1.935 GC heap after
{Heap after GC invocations=1 (full 0):
 garbage-first heap   total 129024K, used 12480K [0x0000000083c00000, 0x0000000100000000)
  region size 1024K, 3 young (3072K), 3 survivors (3072K)
 Metaspace       used 3658K, committed 3840K, reserved 1114112K
  class space    used 357K, committed 448K, reserved 1048576K
}
Event: 2.741 GC heap before
{Heap before GC invocations=1 (full 0):
 garbage-first heap   total 129024K, used 27840K [0x0000000083c00000, 0x0000000100000000)
  region size 1024K, 18 young (18432K), 3 survivors (3072K)
 Metaspace       used 7695K, committed 7936K, reserved 1114112K
  class space    used 949K, committed 1088K, reserved 1048576K
}
Event: 2.746 GC heap after
{Heap after GC invocations=2 (full 0):
 garbage-first heap   total 129024K, used 14462K [0x0000000083c00000, 0x0000000100000000)
  region size 1024K, 2 young (2048K), 2 survivors (2048K)
 Metaspace       used 7695K, committed 7936K, reserved 1114112K
  class space    used 949K, committed 1088K, reserved 1048576K
}
Event: 4.496 GC heap before
{Heap before GC invocations=2 (full 0):
 garbage-first heap   total 129024K, used 56446K [0x0000000083c00000, 0x0000000100000000)
  region size 1024K, 44 young (45056K), 2 survivors (2048K)
 Metaspace       used 15569K, committed 15808K, reserved 1114112K
  class space    used 1879K, committed 1984K, reserved 1048576K
}
Event: 4.504 GC heap after
{Heap after GC invocations=3 (full 0):
 garbage-first heap   total 129024K, used 16543K [0x0000000083c00000, 0x0000000100000000)
  region size 1024K, 4 young (4096K), 4 survivors (4096K)
 Metaspace       used 15569K, committed 15808K, reserved 1114112K
  class space    used 1879K, committed 1984K, reserved 1048576K
}

Deoptimization events (20 events):
Event: 6.243 Thread 0x0000018507692be0 DEOPT PACKING pc=0x0000018516b3cd24 sp=0x000000606cdfeac0
Event: 6.243 Thread 0x0000018507692be0 DEOPT UNPACKING pc=0x00000185164a5ba3 sp=0x000000606cdfea90 mode 2
Event: 6.250 Thread 0x0000018507692be0 Uncommon trap: trap_request=0xffffffbe fr.pc=0x0000018516b3cd24 relative=0x0000000000001384
Event: 6.250 Thread 0x0000018507692be0 Uncommon trap: reason=profile_predicate action=maybe_recompile pc=0x0000018516b3cd24 method=org.springframework.core.annotation.MergedAnnotationsCollection.find(Ljava/lang/Object;Ljava/util/function/Predicate;Lorg/springframework/core/annotation/MergedAnn
Event: 6.250 Thread 0x0000018507692be0 DEOPT PACKING pc=0x0000018516b3cd24 sp=0x000000606cdfeb10
Event: 6.250 Thread 0x0000018507692be0 DEOPT UNPACKING pc=0x00000185164a5ba3 sp=0x000000606cdfeae0 mode 2
Event: 6.288 Thread 0x0000018507692be0 Uncommon trap: trap_request=0xffffffc6 fr.pc=0x0000018516aee5e0 relative=0x00000000000020c0
Event: 6.288 Thread 0x0000018507692be0 Uncommon trap: reason=bimorphic_or_optimized_type_check action=maybe_recompile pc=0x0000018516aee5e0 method=java.util.HashMap.putVal(ILjava/lang/Object;Ljava/lang/Object;ZZ)Ljava/lang/Object; @ 203 c2
Event: 6.288 Thread 0x0000018507692be0 DEOPT PACKING pc=0x0000018516aee5e0 sp=0x000000606cdfeb90
Event: 6.288 Thread 0x0000018507692be0 DEOPT UNPACKING pc=0x00000185164a5ba3 sp=0x000000606cdfea48 mode 2
Event: 6.298 Thread 0x0000018507692be0 DEOPT PACKING pc=0x000001850f3da841 sp=0x000000606cdfd320
Event: 6.298 Thread 0x0000018507692be0 DEOPT UNPACKING pc=0x00000185164a66e3 sp=0x000000606cdfc830 mode 0
Event: 6.310 Thread 0x0000018507692be0 Uncommon trap: trap_request=0xffffff45 fr.pc=0x0000018516b42f34 relative=0x00000000000004f4
Event: 6.310 Thread 0x0000018507692be0 Uncommon trap: reason=unstable_if action=reinterpret pc=0x0000018516b42f34 method=org.springframework.beans.factory.support.AbstractBeanFactory.isFactoryBean(Ljava/lang/String;Lorg/springframework/beans/factory/support/RootBeanDefinition;)Z @ 38 c2
Event: 6.310 Thread 0x0000018507692be0 DEOPT PACKING pc=0x0000018516b42f34 sp=0x000000606cdfe880
Event: 6.310 Thread 0x0000018507692be0 DEOPT UNPACKING pc=0x00000185164a5ba3 sp=0x000000606cdfe860 mode 2
Event: 6.334 Thread 0x0000018507692be0 Uncommon trap: trap_request=0xffffffc6 fr.pc=0x0000018516aee5e0 relative=0x00000000000020c0
Event: 6.334 Thread 0x0000018507692be0 Uncommon trap: reason=bimorphic_or_optimized_type_check action=maybe_recompile pc=0x0000018516aee5e0 method=java.util.HashMap.putVal(ILjava/lang/Object;Ljava/lang/Object;ZZ)Ljava/lang/Object; @ 203 c2
Event: 6.334 Thread 0x0000018507692be0 DEOPT PACKING pc=0x0000018516aee5e0 sp=0x000000606cdfebb0
Event: 6.334 Thread 0x0000018507692be0 DEOPT UNPACKING pc=0x00000185164a5ba3 sp=0x000000606cdfea68 mode 2

Classes unloaded (0 events):
No events

Classes redefined (0 events):
No events

Internal exceptions (20 events):
Event: 3.433 Thread 0x0000018507692be0 Exception <a 'java/lang/ClassNotFoundException'{0x000000008a2617c8}: org/springframework/beans/factory/support/BeanDefinitionRegistryPostProcessorCustomizer> (0x000000008a2617c8) 
thrown [s\open\src\hotspot\share\classfile\systemDictionary.cpp, line 256]
Event: 3.435 Thread 0x0000018507692be0 Exception <a 'java/lang/ClassNotFoundException'{0x000000008a268038}: org/springframework/beans/factory/config/BeanFactoryPostProcessorCustomizer> (0x000000008a268038) 
thrown [s\open\src\hotspot\share\classfile\systemDictionary.cpp, line 256]
Event: 3.437 Thread 0x0000018507692be0 Exception <a 'java/lang/ClassNotFoundException'{0x000000008a26e290}: org/springframework/core/PriorityOrderedCustomizer> (0x000000008a26e290) 
thrown [s\open\src\hotspot\share\classfile\systemDictionary.cpp, line 256]
Event: 3.438 Thread 0x0000018507692be0 Exception <a 'java/lang/ClassNotFoundException'{0x000000008a2730d0}: org/springframework/core/OrderedCustomizer> (0x000000008a2730d0) 
thrown [s\open\src\hotspot\share\classfile\systemDictionary.cpp, line 256]
Event: 3.440 Thread 0x0000018507692be0 Exception <a 'java/lang/ClassNotFoundException'{0x000000008a279378}: org/springframework/context/ResourceLoaderAwareCustomizer> (0x000000008a279378) 
thrown [s\open\src\hotspot\share\classfile\systemDictionary.cpp, line 256]
Event: 3.441 Thread 0x0000018507692be0 Exception <a 'java/lang/ClassNotFoundException'{0x000000008a27f848}: org/springframework/beans/factory/AwareCustomizer> (0x000000008a27f848) 
thrown [s\open\src\hotspot\share\classfile\systemDictionary.cpp, line 256]
Event: 3.443 Thread 0x0000018507692be0 Exception <a 'java/lang/ClassNotFoundException'{0x000000008a284c10}: org/springframework/context/ApplicationStartupAwareCustomizer> (0x000000008a284c10) 
thrown [s\open\src\hotspot\share\classfile\systemDictionary.cpp, line 256]
Event: 3.444 Thread 0x0000018507692be0 Exception <a 'java/lang/ClassNotFoundException'{0x000000008a28b368}: org/springframework/beans/factory/AwareCustomizer> (0x000000008a28b368) 
thrown [s\open\src\hotspot\share\classfile\systemDictionary.cpp, line 256]
Event: 3.445 Thread 0x0000018507692be0 Exception <a 'java/lang/ClassNotFoundException'{0x000000008a290958}: org/springframework/beans/factory/BeanClassLoaderAwareCustomizer> (0x000000008a290958) 
thrown [s\open\src\hotspot\share\classfile\systemDictionary.cpp, line 256]
Event: 3.447 Thread 0x0000018507692be0 Exception <a 'java/lang/ClassNotFoundException'{0x000000008a296e10}: org/springframework/beans/factory/AwareCustomizer> (0x000000008a296e10) 
thrown [s\open\src\hotspot\share\classfile\systemDictionary.cpp, line 256]
Event: 3.452 Thread 0x0000018507692be0 Exception <a 'java/lang/ClassNotFoundException'{0x000000008a29bf10}: org/springframework/context/EnvironmentAwareCustomizer> (0x000000008a29bf10) 
thrown [s\open\src\hotspot\share\classfile\systemDictionary.cpp, line 256]
Event: 3.456 Thread 0x0000018507692be0 Exception <a 'java/lang/ClassNotFoundException'{0x000000008a2a2360}: org/springframework/beans/factory/AwareCustomizer> (0x000000008a2a2360) 
thrown [s\open\src\hotspot\share\classfile\systemDictionary.cpp, line 256]
Event: 3.533 Thread 0x000001856bcfd540 Exception <a 'java/lang/NoSuchMethodError'{0x0000000089f56958}: 'long java.lang.invoke.DirectMethodHandle$Holder.invokeSpecial(java.lang.Object, java.lang.Object)'> (0x0000000089f56958) 
thrown [s\open\src\hotspot\share\interpreter\linkResolver.cpp, line 759]
Event: 3.542 Thread 0x000001856bcfd540 Exception <a 'java/lang/NoSuchMethodError'{0x0000000089f61b78}: 'long java.lang.invoke.DirectMethodHandle$Holder.invokeStatic(java.lang.Object, java.lang.Object)'> (0x0000000089f61b78) 
thrown [s\open\src\hotspot\share\interpreter\linkResolver.cpp, line 759]
Event: 3.544 Thread 0x000001856bcfd540 Exception <a 'java/lang/NoSuchMethodError'{0x0000000089f65178}: 'long java.lang.invoke.DirectMethodHandle$Holder.invokeStaticInit(java.lang.Object, java.lang.Object)'> (0x0000000089f65178) 
thrown [s\open\src\hotspot\share\interpreter\linkResolver.cpp, line 759]
Event: 3.558 Thread 0x000001856bcfd540 Exception <a 'java/lang/NoSuchMethodError'{0x0000000089f72ca0}: 'long java.lang.invoke.DirectMethodHandle$Holder.invokeInterface(java.lang.Object, java.lang.Object)'> (0x0000000089f72ca0) 
thrown [s\open\src\hotspot\share\interpreter\linkResolver.cpp, line 759]
Event: 3.559 Thread 0x000001856bcfd540 Exception <a 'java/lang/IncompatibleClassChangeError'{0x0000000089f76230}: Found class java.lang.Object, but interface was expected> (0x0000000089f76230) 
thrown [s\open\src\hotspot\share\interpreter\linkResolver.cpp, line 826]
Event: 3.586 Thread 0x000001856bcfd540 Exception <a 'java/lang/NoSuchMethodError'{0x0000000089e000a8}: 'java.lang.Object java.lang.invoke.DirectMethodHandle$Holder.invokeVirtual(java.lang.Object, java.lang.Object, java.lang.Object, java.lang.Object)'> (0x0000000089e000a8) 
thrown [s\open\src\hotspot\share\interpreter\linkResolver.cpp, line 759]
Event: 4.341 Thread 0x0000018507692be0 Exception <a 'java/lang/NoSuchMethodError'{0x00000000893405f8}: 'void java.lang.invoke.DirectMethodHandle$Holder.invokeInterface(java.lang.Object, java.lang.Object, java.lang.Object, java.lang.Object)'> (0x00000000893405f8) 
thrown [s\open\src\hotspot\share\interpreter\linkResolver.cpp, line 759]
Event: 5.169 Thread 0x0000018507692be0 Exception <a 'java/lang/IncompatibleClassChangeError'{0x000000008a47efc8}: Found class java.lang.Object, but interface was expected> (0x000000008a47efc8) 
thrown [s\open\src\hotspot\share\interpreter\linkResolver.cpp, line 826]

VM Operations (20 events):
Event: 2.741 Executing VM operation: G1CollectForAllocation
Event: 2.746 Executing VM operation: G1CollectForAllocation done
Event: 2.776 Executing VM operation: HandshakeAllThreads
Event: 2.776 Executing VM operation: HandshakeAllThreads done
Event: 3.488 Executing VM operation: HandshakeAllThreads
Event: 3.488 Executing VM operation: HandshakeAllThreads done
Event: 4.214 Executing VM operation: ICBufferFull
Event: 4.214 Executing VM operation: ICBufferFull done
Event: 4.495 Executing VM operation: G1CollectForAllocation
Event: 4.504 Executing VM operation: G1CollectForAllocation done
Event: 5.505 Executing VM operation: Cleanup
Event: 5.505 Executing VM operation: Cleanup done
Event: 5.594 Executing VM operation: HandshakeAllThreads
Event: 5.594 Executing VM operation: HandshakeAllThreads done
Event: 5.813 Executing VM operation: HandshakeAllThreads
Event: 5.813 Executing VM operation: HandshakeAllThreads done
Event: 5.815 Executing VM operation: HandshakeAllThreads
Event: 5.815 Executing VM operation: HandshakeAllThreads done
Event: 6.200 Executing VM operation: ICBufferFull
Event: 6.200 Executing VM operation: ICBufferFull done

Events (20 events):
Event: 3.524 loading class java/util/regex/Pattern$Loop
Event: 3.524 loading class java/util/regex/Pattern$Loop done
Event: 3.524 loading class java/util/regex/Pattern$LazyLoop done
Event: 3.524 loading class java/util/regex/Pattern$Prolog
Event: 3.524 loading class java/util/regex/Pattern$Prolog done
Event: 3.589 Thread 0x000001856bcfd540 Thread exited: 0x000001856bcfd540
Event: 3.612 loading class java/lang/AssertionError
Event: 3.612 loading class java/lang/AssertionError done
Event: 3.635 loading class java/lang/Deprecated
Event: 3.637 loading class java/lang/Deprecated done
Event: 4.957 Thread 0x000001856d15ea30 Thread added: 0x000001856d15ea30
Event: 4.993 loading class javax/naming/ldap/LdapContext
Event: 4.994 loading class javax/naming/directory/DirContext
Event: 4.996 loading class javax/naming/directory/DirContext done
Event: 4.996 loading class javax/naming/ldap/LdapContext done
Event: 5.057 Thread 0x000001856d15ea30 Thread exited: 0x000001856d15ea30
Event: 6.267 loading class java/lang/UnsupportedClassVersionError
Event: 6.267 loading class java/lang/ClassFormatError
Event: 6.269 loading class java/lang/ClassFormatError done
Event: 6.269 loading class java/lang/UnsupportedClassVersionError done


Dynamic libraries:
0x00007ff73e250000 - 0x00007ff73e260000 	C:\Program Files\Java\jdk-17\bin\java.exe
0x00007ffa0ce70000 - 0x00007ffa0d087000 	C:\WINDOWS\SYSTEM32\ntdll.dll
0x00007ffa0b1a0000 - 0x00007ffa0b264000 	C:\WINDOWS\System32\KERNEL32.DLL
0x00007ffa0a330000 - 0x00007ffa0a6dd000 	C:\WINDOWS\System32\KERNELBASE.dll
0x00007ffa0a210000 - 0x00007ffa0a321000 	C:\WINDOWS\System32\ucrtbase.dll
0x00007ff9f7880000 - 0x00007ff9f789b000 	C:\Program Files\Java\jdk-17\bin\VCRUNTIME140.dll
0x00007ffa056b0000 - 0x00007ffa056c9000 	C:\Program Files\Java\jdk-17\bin\jli.dll
0x00007ffa0b370000 - 0x00007ffa0b422000 	C:\WINDOWS\System32\ADVAPI32.dll
0x00007ffa0b2b0000 - 0x00007ffa0b357000 	C:\WINDOWS\System32\msvcrt.dll
0x00007ffa0b980000 - 0x00007ffa0ba29000 	C:\WINDOWS\System32\sechost.dll
0x00007ffa0a9d0000 - 0x00007ffa0a9f8000 	C:\WINDOWS\System32\bcrypt.dll
0x00007ffa0b080000 - 0x00007ffa0b194000 	C:\WINDOWS\System32\RPCRT4.dll
0x00007ffa0b440000 - 0x00007ffa0b5ee000 	C:\WINDOWS\System32\USER32.dll
0x00007ffa0ab70000 - 0x00007ffa0ab96000 	C:\WINDOWS\System32\win32u.dll
0x00007ffa0ce00000 - 0x00007ffa0ce29000 	C:\WINDOWS\System32\GDI32.dll
0x00007ff9ecc40000 - 0x00007ff9eced3000 	C:\WINDOWS\WinSxS\amd64_microsoft.windows.common-controls_6595b64144ccf1df_6.0.22621.3672_none_2713b9d173822955\COMCTL32.dll
0x00007ffa0a6e0000 - 0x00007ffa0a7f9000 	C:\WINDOWS\System32\gdi32full.dll
0x00007ffa0a800000 - 0x00007ffa0a89a000 	C:\WINDOWS\System32\msvcp_win.dll
0x00007ffa063e0000 - 0x00007ffa063ea000 	C:\WINDOWS\SYSTEM32\VERSION.dll
0x00007ffa0b270000 - 0x00007ffa0b2a1000 	C:\WINDOWS\System32\IMM32.DLL
0x00007ffa05760000 - 0x00007ffa0576c000 	C:\Program Files\Java\jdk-17\bin\vcruntime140_1.dll
0x00007ff9f77f0000 - 0x00007ff9f787e000 	C:\Program Files\Java\jdk-17\bin\msvcp140.dll
0x00007ff9bee20000 - 0x00007ff9bf9ff000 	C:\Program Files\Java\jdk-17\bin\server\jvm.dll
0x00007ffa0c970000 - 0x00007ffa0c978000 	C:\WINDOWS\System32\PSAPI.DLL
0x00007ff9f3e10000 - 0x00007ff9f3e44000 	C:\WINDOWS\SYSTEM32\WINMM.dll
0x00007ffa03750000 - 0x00007ffa03759000 	C:\WINDOWS\SYSTEM32\WSOCK32.dll
0x00007ffa0bbb0000 - 0x00007ffa0bc21000 	C:\WINDOWS\System32\WS2_32.dll
0x00007ffa091a0000 - 0x00007ffa091b8000 	C:\WINDOWS\SYSTEM32\kernel.appcore.dll
0x00007ffa056a0000 - 0x00007ffa056aa000 	C:\Program Files\Java\jdk-17\bin\jimage.dll
0x00007ffa07c50000 - 0x00007ffa07e82000 	C:\WINDOWS\SYSTEM32\DBGHELP.DLL
0x00007ffa0b5f0000 - 0x00007ffa0b97e000 	C:\WINDOWS\System32\combase.dll
0x00007ffa0cb00000 - 0x00007ffa0cbd7000 	C:\WINDOWS\System32\OLEAUT32.dll
0x00007ff9f5e80000 - 0x00007ff9f5eb2000 	C:\WINDOWS\SYSTEM32\dbgcore.DLL
0x00007ffa0a190000 - 0x00007ffa0a20b000 	C:\WINDOWS\System32\bcryptPrimitives.dll
0x00007ff9f4400000 - 0x00007ff9f440e000 	C:\Program Files\Java\jdk-17\bin\instrument.dll
0x00007ff9f77c0000 - 0x00007ff9f77e5000 	C:\Program Files\Java\jdk-17\bin\java.dll
0x00007ff9f4450000 - 0x00007ff9f4527000 	C:\Program Files\Java\jdk-17\bin\jsvml.dll
0x00007ffa0bcc0000 - 0x00007ffa0c527000 	C:\WINDOWS\System32\SHELL32.dll
0x00007ffa080c0000 - 0x00007ffa089bf000 	C:\WINDOWS\SYSTEM32\windows.storage.dll
0x00007ffa07f80000 - 0x00007ffa080bf000 	C:\WINDOWS\SYSTEM32\wintypes.dll
0x00007ffa0c980000 - 0x00007ffa0ca79000 	C:\WINDOWS\System32\SHCORE.dll
0x00007ffa0ba30000 - 0x00007ffa0ba8e000 	C:\WINDOWS\System32\shlwapi.dll
0x00007ffa0a0c0000 - 0x00007ffa0a0e7000 	C:\WINDOWS\SYSTEM32\profapi.dll
0x00007ff9f7760000 - 0x00007ff9f7778000 	C:\Program Files\Java\jdk-17\bin\zip.dll
0x00007ff9f77a0000 - 0x00007ff9f77b9000 	C:\Program Files\Java\jdk-17\bin\net.dll
0x00007ffa066b0000 - 0x00007ffa067e6000 	C:\WINDOWS\SYSTEM32\WINHTTP.dll
0x00007ffa09600000 - 0x00007ffa09669000 	C:\WINDOWS\system32\mswsock.dll
0x00007ff9f7780000 - 0x00007ff9f7796000 	C:\Program Files\Java\jdk-17\bin\nio.dll
0x00007ff9f4410000 - 0x00007ff9f442a000 	C:\Program Files\JetBrains\IntelliJ IDEA Community Edition 2024.1\bin\breakgen64.dll
0x00007ff9f43f0000 - 0x00007ff9f4400000 	C:\Program Files\Java\jdk-17\bin\verify.dll
0x00007ff9f7750000 - 0x00007ff9f775a000 	C:\Program Files\Java\jdk-17\bin\management.dll
0x00007ff9f7740000 - 0x00007ff9f774b000 	C:\Program Files\Java\jdk-17\bin\management_ext.dll
0x00007ff9f2df0000 - 0x00007ff9f2e07000 	C:\WINDOWS\system32\napinsp.dll
0x00007ff9f2e20000 - 0x00007ff9f2e3b000 	C:\WINDOWS\system32\pnrpnsp.dll
0x00007ffa08c90000 - 0x00007ffa08d88000 	C:\WINDOWS\SYSTEM32\DNSAPI.dll
0x00007ffa08c60000 - 0x00007ffa08c8d000 	C:\WINDOWS\SYSTEM32\IPHLPAPI.DLL
0x00007ffa0c690000 - 0x00007ffa0c699000 	C:\WINDOWS\System32\NSI.dll
0x00007ff9f2230000 - 0x00007ff9f2241000 	C:\WINDOWS\System32\winrnr.dll
0x00007ff9f2200000 - 0x00007ff9f2215000 	C:\WINDOWS\system32\wshbth.dll
0x00007ff9f2140000 - 0x00007ff9f2167000 	C:\WINDOWS\system32\nlansp_c.dll
0x00007ff9ffd40000 - 0x00007ff9ffd4a000 	C:\Windows\System32\rasadhlp.dll
0x00007ffa06110000 - 0x00007ffa06193000 	C:\WINDOWS\System32\fwpuclnt.dll

dbghelp: loaded successfully - version: 4.0.5 - missing functions: none
symbol engine: initialized successfully - sym options: 0x614 - pdb path: .;C:\Program Files\Java\jdk-17\bin;C:\WINDOWS\SYSTEM32;C:\WINDOWS\WinSxS\amd64_microsoft.windows.common-controls_6595b64144ccf1df_6.0.22621.3672_none_2713b9d173822955;C:\Program Files\Java\jdk-17\bin\server;C:\Program Files\JetBrains\IntelliJ IDEA Community Edition 2024.1\bin

VM Arguments:
jvm_args: -javaagent:C:\Program Files\JetBrains\IntelliJ IDEA Community Edition 2024.1\lib\idea_rt.jar=57804:C:\Program Files\JetBrains\IntelliJ IDEA Community Edition 2024.1\bin -Dfile.encoding=UTF-8 
java_command: com.example.absensireact.AbsensiReactApplication
java_class_path (initial): D:\Absensi React\reactabsenversi3-server\target\classes;C:\Users\WORKPRO\.m2\repository\org\springframework\boot\spring-boot-starter-data-jpa\2.7.8\spring-boot-starter-data-jpa-2.7.8.jar;C:\Users\WORKPRO\.m2\repository\org\springframework\boot\spring-boot-starter-aop\2.7.8\spring-boot-starter-aop-2.7.8.jar;C:\Users\WORKPRO\.m2\repository\org\aspectj\aspectjweaver\1.9.7\aspectjweaver-1.9.7.jar;C:\Users\WORKPRO\.m2\repository\org\springframework\boot\spring-boot-starter-jdbc\2.7.8\spring-boot-starter-jdbc-2.7.8.jar;C:\Users\WORKPRO\.m2\repository\com\zaxxer\HikariCP\4.0.3\HikariCP-4.0.3.jar;C:\Users\WORKPRO\.m2\repository\org\springframework\spring-jdbc\5.3.25\spring-jdbc-5.3.25.jar;C:\Users\WORKPRO\.m2\repository\jakarta\transaction\jakarta.transaction-api\1.3.3\jakarta.transaction-api-1.3.3.jar;C:\Users\WORKPRO\.m2\repository\jakarta\persistence\jakarta.persistence-api\2.2.3\jakarta.persistence-api-2.2.3.jar;C:\Users\WORKPRO\.m2\repository\org\hibernate\hibernate-core\5.6.14.Final\hibernate-core-5.6.14.Final.jar;C:\Users\WORKPRO\.m2\repository\org\jboss\logging\jboss-logging\3.4.3.Final\jboss-logging-3.4.3.Final.jar;C:\Users\WORKPRO\.m2\repository\net\bytebuddy\byte-buddy\1.12.22\byte-buddy-1.12.22.jar;C:\Users\WORKPRO\.m2\repository\antlr\antlr\2.7.7\antlr-2.7.7.jar;C:\Users\WORKPRO\.m2\repository\org\jboss\jandex\2.4.2.Final\jandex-2.4.2.Final.jar;C:\Users\WORKPRO\.m2\repository\org\hibernate\common\hibernate-commons-annotations\5.1.2.Final\hibernate-commons-annotations-5.1.2.Final.jar;C:\Users\WORKPRO\.m2\repository\org\glassfish\jaxb\jaxb-runtime\2.3.7\jaxb-runtime-2.3.7.jar;C:\Users\WORKPRO\.m2\repository\org\glassfish\jaxb\txw2\2.3.7\txw2-2.3.7.jar;C:\Users\WORKPRO\.m2\repository\com\sun\istack\istack-commons-runtime\3.0.12\istack-commons-runtime-3.0.12.jar;C:\Users\WORKPRO\.m2\repository\org\springframework\data\spring-data-jpa\2.7.7\spring-data-jpa-2.7.7.jar;C:\Users\WORKPRO\.m2\repository\org\springframework\data\spring-data-com
Launcher Type: SUN_STANDARD

[Global flags]
     intx CICompilerCount                          = 4                                         {product} {ergonomic}
     uint ConcGCThreads                            = 2                                         {product} {ergonomic}
     uint G1ConcRefinementThreads                  = 8                                         {product} {ergonomic}
   size_t G1HeapRegionSize                         = 1048576                                   {product} {ergonomic}
    uintx GCDrainStackTargetSize                   = 64                                        {product} {ergonomic}
   size_t InitialHeapSize                          = 132120576                                 {product} {ergonomic}
   size_t MarkStackSize                            = 4194304                                   {product} {ergonomic}
   size_t MaxHeapSize                              = 2084569088                                {product} {ergonomic}
   size_t MaxNewSize                               = 1249902592                                {product} {ergonomic}
   size_t MinHeapDeltaBytes                        = 1048576                                   {product} {ergonomic}
   size_t MinHeapSize                              = 8388608                                   {product} {ergonomic}
    uintx NonNMethodCodeHeapSize                   = 5839372                                {pd product} {ergonomic}
    uintx NonProfiledCodeHeapSize                  = 122909434                              {pd product} {ergonomic}
    uintx ProfiledCodeHeapSize                     = 122909434                              {pd product} {ergonomic}
    uintx ReservedCodeCacheSize                    = 251658240                              {pd product} {ergonomic}
     bool SegmentedCodeCache                       = true                                      {product} {ergonomic}
   size_t SoftMaxHeapSize                          = 2084569088                             {manageable} {ergonomic}
     bool UseCompressedClassPointers               = true                           {product lp64_product} {ergonomic}
     bool UseCompressedOops                        = true                           {product lp64_product} {ergonomic}
     bool UseG1GC                                  = true                                      {product} {ergonomic}
     bool UseLargePagesIndividualAllocation        = false                                  {pd product} {ergonomic}

Logging:
Log output configuration:
 #0: stdout all=warning uptime,level,tags
 #1: stderr all=off uptime,level,tags

Environment Variables:
JAVA_HOME=C:\Program Files\Java\jdk-11
PATH=C:\Program Files\Common Files\Oracle\Java\javapath;C:\WINDOWS\system32;C:\WINDOWS;C:\WINDOWS\System32\Wbem;C:\WINDOWS\System32\WindowsPowerShell\v1.0\;C:\WINDOWS\System32\OpenSSH\;C:\Program Files\nodejs\;C:\xampp\php;C:\Program Files\Java\apache-maven-3.9.4\bin;C:\Program Files\Java\jdk-11\bin;C:\Program Files\Git\cmd;C:\Program Files\Python310;C:\ProgramData\ComposerSetup\bin;C:\xampp\mysql\bin;C:\Program Files\dotnet\;C:\Users\WORKPRO\AppData\Local\Microsoft\WindowsApps;C:\Users\WORKPRO\AppData\Local\Programs\Microsoft VS Code\bin;C:\Users\WORKPRO\AppData\Roaming\npm;C:\Program Files\Java\apache-maven-3.9.4\bin;C:\Program Files\Java\jdk-11\bin;C:\Program Files\Python310\Scripts\;C:\Program Files\Python310\;C:\Users\WORKPRO\AppData\Roaming\Composer\vendor\bin
USERNAME=WORKPRO
OS=Windows_NT
PROCESSOR_IDENTIFIER=Intel64 Family 6 Model 126 Stepping 5, GenuineIntel



---------------  S Y S T E M  ---------------

OS:
 Windows 11 , 64 bit Build 22621 (10.0.22621.3958)
OS uptime: 0 days 6:55 hours
Hyper-V role detected

CPU: total 8 (initial active 8) (4 cores per cpu, 2 threads per core) family 6 model 126 stepping 5 microcode 0x86, cx8, cmov, fxsr, ht, mmx, 3dnowpref, sse, sse2, sse3, ssse3, sse4.1, sse4.2, popcnt, lzcnt, tsc, tscinvbit, avx, avx2, aes, erms, clmul, bmi1, bmi2, adx, avx512f, avx512dq, avx512cd, avx512bw, avx512vl, sha, fma, vzeroupper, avx512_vpopcntdq, avx512_vpclmulqdq, avx512_vaes, avx512_vnni, clflush, clflushopt, avx512_vbmi2, avx512_vbmi, hv

Memory: 4k page, system-wide physical 7946M (307M free)
TotalPageFile size 22709M (AvailPageFile size 11M)
current process WorkingSet (physical memory assigned to process): 172M, peak: 172M
current process commit charge ("private bytes"): 272M, peak: 273M

vm_info: Java HotSpot(TM) 64-Bit Server VM (17.0.10+11-LTS-240) for windows-amd64 JRE (17.0.10+11-LTS-240), built on Dec 19 2023 21:47:25 by "mach5one" with MS VC++ 17.1 (VS2022)

END.
